*** ENVIRONMENT CRASH ***

Date: May 29 2015 12:20 PM

File Name: C:\Program Files (x86)\Ready to Program\Ready.exe
Version: 1.7.1  [11]
File Size: 2908199
File Date: Oct 7 2003 4:57 PM
Operating System: After Windows XP
JVM: Ready Built-in JRE (1.4.2 or later)
"assert" Statements: disabled


Cause of Crash: Breakpoint Reached

Previous Operations:
    Don't compile BurntSacrifice.java - BurntSacrifice.java older than BurntSacrifice.class
    Don't compile EventCard.java - EventCard.java older than EventCard.class
    Don't compile ForcedConversion.java - ForcedConversion.java older than ForcedConversion.class
    Don't compile FromTheAshes.java - FromTheAshes.java older than FromTheAshes.class
    Recompile Purge.java - Purge.java newer than Purge.class
    Don't compile Helkar.java - Helkar.java older than Helkar.class
    Don't compile Creature.java - Creature.java older than Creature.class
    Don't compile HellfireDrake.java - HellfireDrake.java older than HellfireDrake.class
    Don't compile Karthos.java - Karthos.java older than Karthos.class
    Don't compile Warrior.java - Warrior.java older than Warrior.class
    Don't compile Harbinger.java - Harbinger.java older than Harbinger.class
    Don't compile Cultist.java - Cultist.java older than Cultist.class
    Jikes compiling Mat
    Jikes compiling Hand
    Jikes compiling Purge
    Command to Java Supervisor - "-java "C:\Program Files (x86)\Ready to Program\Support\jre142_01\bin\client\jvm.dll" -cp ".;C:\Program Files (x86)\Ready to Program\Support\Ready Classes;C:\Program Files (x86)\Ready to Program\Support\Classes;C:\Program Files (x86)\Ready to Program\Support\Ready Classes\tools.jar;" -class Images -props F 25 80 10 "Courier New" 2 F 0 F 8 8 0 F T"
    JavaSup: -pipe 264 276 188 1574134
    JavaSup: JVM Option: "-Djava.class.path=.;C:\Program Files (x86)\Ready to Program\Support\Ready Classes;C:\Program Files (x86)\Ready to Program\Support\Classes;C:\Program Files (x86)\Ready to Program\Support\Ready Classes\tools.jar;"
    JavaSup: JVM Option: "-Djava.library.path=C:\Program Files (x86)\Ready to Program\Support\Bin"
    JavaSup: JVM Option: "-enableassertions"
  CMD: WM_ACTIVATE (W)
  CMD: WM_ACTIVATE (W)
  CMD: WM_SETFOCUS (W)
  CMD: COMMAND_STOP
  CMD: WM_INITMENU (W)
  CMD: COMMAND_FIND
    Find Text Dialog - Window: 40372
  CMD: WM_ACTIVATE (W)
    Find (1) - Window: 40372 - Forward: 1
    Set Selection1 (1) - Text: 84f70f8 - From: 9847 - To: 9853
    Text - sz:493:17519 - slFr:409:25:14682 - slTo:409:25:14682 - nlA:0
    Line Starts: 490:17510 491:17516 492:17517 493:17519
  CMD: WM_ACTIVATE (W)
    Find (2) - sz:493:17519 - slFr:9847 - slTo:9853 - nlA:0
  CMD: COMMAND_MOVE/SELECT_COLUMN_LEFT
    Move Column Left - Text: 84f70f8 - Select: 0
    Text - sz:493:17519 - slFr:294:10:9847 - slTo:294:16:9853 - nlA:0
    Line Starts: 490:17510 491:17516 492:17517 493:17519
  CMD: WM_CHAR [#8] (D)
    Keystroke - Text: 84f70f8 - ch: 8
    Text - sz:493:17519 - slFr:294:10:9847 - slTo:294:10:9847 - nlA:0
    Line Starts: 490:17510 491:17516 492:17517 493:17519
    Keystroke (2) - sz:493:17518 - slFr:9846 - slTo:9846 - nlA:0
    Line Starts: 490:17509 491:17515 492:17516 493:17518
  CMD: WM_CHAR [#8] (D)
    Keystroke - Text: 84f70f8 - ch: 8
    Text - sz:493:17518 - slFr:294:9:9846 - slTo:294:9:9846 - nlA:0
    Line Starts: 490:17509 491:17515 492:17516 493:17518
    Keystroke (2) - sz:493:17517 - slFr:9845 - slTo:9845 - nlA:0
    Line Starts: 490:17508 491:17514 492:17515 493:17517
  CMD: COMMAND_MOVE/SELECT_LINE_DOWN
    Move Line Down - Text: 84f70f8 - Select: 0
    Text - sz:493:17517 - slFr:294:8:9845 - slTo:294:8:9845 - nlA:0
    Line Starts: 490:17508 491:17514 492:17515 493:17517
  CMD: COMMAND_MOVE/SELECT_LINE_DOWN
    Move Line Down - Text: 84f70f8 - Select: 0
    Text - sz:493:17517 - slFr:295:8:9878 - slTo:295:8:9878 - nlA:0
    Line Starts: 490:17508 491:17514 492:17515 493:17517
  CMD: COMMAND_MOVE/SELECT_COLUMN_RIGHT
    Move Column Right - Text: 84f70f8 - Select: 0
    Text - sz:493:17517 - slFr:296:8:9913 - slTo:296:8:9913 - nlA:0
    Line Starts: 490:17508 491:17514 492:17515 493:17517
  CMD: COMMAND_MOVE/SELECT_LINE_UP
    Move Line Up - Text: 84f70f8 - Select: 0
    Text - sz:493:17517 - slFr:296:9:9914 - slTo:296:9:9914 - nlA:0
    Line Starts: 490:17508 491:17514 492:17515 493:17517
  CMD: COMMAND_MOVE/SELECT_COLUMN_RIGHT
    Move Column Right - Text: 84f70f8 - Select: 0
    Text - sz:493:17517 - slFr:295:9:9879 - slTo:295:9:9879 - nlA:0
    Line Starts: 490:17508 491:17514 492:17515 493:17517
  CMD: COMMAND_MOVE/SELECT_LINE_DOWN
    Move Line Down - Text: 84f70f8 - Select: 0
    Text - sz:493:17517 - slFr:295:10:9880 - slTo:295:10:9880 - nlA:0
    Line Starts: 490:17508 491:17514 492:17515 493:17517
  CMD: COMMAND_MOVE/SELECT_LINE_UP
    Move Line Up - Text: 84f70f8 - Select: 0
    Text - sz:493:17517 - slFr:296:10:9915 - slTo:296:10:9915 - nlA:0
    Line Starts: 490:17508 491:17514 492:17515 493:17517
  CMD: WM_CHAR [#8] (D)
    Keystroke - Text: 84f70f8 - ch: 8
    Text - sz:493:17517 - slFr:295:10:9880 - slTo:295:10:9880 - nlA:0
    Line Starts: 490:17508 491:17514 492:17515 493:17517
    Keystroke (2) - sz:493:17516 - slFr:9879 - slTo:9879 - nlA:0
    Line Starts: 490:17507 491:17513 492:17514 493:17516
  CMD: WM_CHAR [#8] (D)
    Keystroke - Text: 84f70f8 - ch: 8
    Text - sz:493:17516 - slFr:295:9:9879 - slTo:295:9:9879 - nlA:0
    Line Starts: 490:17507 491:17513 492:17514 493:17516
    Keystroke (2) - sz:493:17515 - slFr:9878 - slTo:9878 - nlA:0
    Line Starts: 490:17506 491:17512 492:17513 493:17515
  CMD: WM_INITMENU (W)
  CMD: COMMAND_RUN
    Run (1) - Window: 40372 - Ex: 1 - Args: 0 - Step: 0
    Don't compile Screen.java - Screen.java older than Screen.class
    Recompile Hand.java - Hand.java newer than Hand.class
    Recompile Mat.java - Mat.java newer than Mat.class
    Don't compile DisplayCard.java - DisplayCard.java older than DisplayCard.class
    Don't compile Card.java - Card.java older than Card.class
    Jikes compiling Images
    Don't compile FallenPhoenixDeck.java - FallenPhoenixDeck.java older than FallenPhoenixDeck.class
    Don't compile Deck.java - Deck.java older than Deck.class
    ннннннннннннннннннннннннннннннннннннннннннннннннннннннннннннннннннннннннннннннннннннннннннннннннннннннннннннннннннннннннннннннннннннннннннннннннннннннннннннннннннннннннннннннннннннннннннннннннннннннннннннннннннннннннннннннннннннннннннннннннннннннннннннннннннннннннннннннннннннннннннннннннннннннннннннннннннннннннннннннннннннннннннннннннннннннннннннннннннннннннннннннннннннннннннннннннннннннннннннннннннннннннннннннннннннннннннннннннннннннннннннннннннннннннннннннннннннннннннннннннннннннннннннннннннннннннннннннннE
    ннннннннннннннннннннннннннннннннннннннннннннннннннннннннннннннннннннннннннннннннннннннннннннннннннннннннннннннннннннннннннннннннннннннннннннннннннннннннннннннннннннннннннннннннннннннннннннннннннннннннннннннннннннннннннннннннннннннннннннннннннннннннннннннннннннннннннннннннннннннннннннннннннннннннннннннннннннннннннннннннннннннннннннннннннннннннннннннннннннннннннннннннннннннннннннннннннннннннннннннннннннннннннннннннннннннннннннннннннннннннннннннннннннннннннннннннннннннннннннннннннннннннннннннннннннннннннннннннE
    ннннннннннннннннннннннннннннннннннннннннннннннннннннннннннннннннннннннннннннннннннннннннннннннннннннннннннннннннннннннннннннннннннннннннннннннннннннннннннннннннннннннннннннннннннннннннннннннннннннннннннннннннннннннннннннннннннннннннннннннннннннннннннннннннннннннннннннннннннннннннннннннннннннннннннннннннннннннннннннннннннннннннннннннннннннннннннннннннннннннннннннннннннннннннннннннннннннннннннннннннннннннннннннннннннннннннннннннннннннннннннннннннннннннннннннннннннннннннннннннннннннннннннннннннннннннннннннннннE
    нннннннннннннннннннннннннннннннннннннннннннннннннннннннннннннннннннннннннннннннннннннннннннннннннннннннннннннннннннннннннннннннннннннннннннннннннннннннннннннннннннннннннннннннннннннннннннннннннннннннннннннннннннннннннннннннннннннннннннннннннннннннннннннннннннннннннннннннннннннннннннннннннннннннннннннннннннннннннннннннннннннннннннннннннннннннннннннннннннннннннннннннннннннннннннннннннннннннннннннннннннннннннннннннннннннннннннннннннннннннннннннннннннннннннннннннннннннннннннннннннннннннннннннннннннннннн
    нннннннннннннннннннннннннннннннннннннннннннннннннннннннннннннннннннннннннннннннннннннннннннннннннннннннннннннннннннннннннннннннннннннннннннннннннннннннннннннннннннннннннннннннннннннннннннннннннннннннннннннннннннннннннннннннннннннннннннннннннннннннннннннннннннннннннннннннннннннннннннннннннннннннннннннннннннннннннннннннннннннннннннннннннннннннннннннннннннннннннннннннннннннннннннннннннннннннннннннннннннннннннннннннннннннннннннннннннннннннннннннннннннннннннннннннннннннннннннннннннннннннннннннннннннннннн
    нннннннннннннннннннннннннннннннннннннннннннннннннннннннннннннннннннннннннннннннннннннннннннннннннннннннннннннннннннннннннннннннннннннннннннннннннннннннннннннннннннннннннннннннннннннннннннннннннннннннннннннннннннннннннннннннннннннннннннннннннннннннннннннннннннннннннннннннннннннннннннннннннннннннннннннннннннннннннннннннннннннннннннннннннннннннннннннннннннннннннннннннннннннннннннннннннннннннннннннннннннннннннннннннннннннннннннннннннннннннннннннннннннннннннннннннннннннннннннннннннннннннннннннннннннннннн
    нннннннннннннннннннннннннннннннннннннннннннннннннннннннннннннннннннннннннннннннннннннннннннннннннннннннннннннннннннннннннннннннннннннннннннннннннннннннннннннннннннннннннннннннннннннннннннннннннннннннннннннннннннннннннннннннннннннннннннннннннннннннннннннннннннннннннннннннннннннннннннннннннннннннннннннннннннннннннннннннннннннннннннннннннннннннннннннннннннннннннннннннннннннннннннннннннннннннннннннннннннннннннннннннннннннннннннннннннннннннннннннннннннннннннннннннннннннннннннннннннннннннннннннннннннннннн
    нннннннннннннннннннннннннннннннннннннннннннннннннннннннннннннннннннннннннннннннннннннннннннннннннннннннннннннннннннннннннннннннннннннннннннннннннннннннннннннннннннннннннннннннннннннннннннннннннннннннннннннннннннннннннннннннннннннннннннннннннннннннннннннннннннннннннннннннннннннннннннннннннннннннннннннннннннннннннннннннннннннннннннннннннннннннннннннннннннннннннннннннннннннннннннннннннннннннннннннннннннннннннннннннннннннннннннннннннннннннннннннннннннннннннннннннннннннннннннннннннннннннннннннннннннннннн
    нннннннннннннннннннннннннннннннннннннннннннннннннннннннннннннннннннннннннннннннннннннннннннннннннннннннннннннннннннннннннннннннннннннннннннннннннннннннннннннннннннннннннннннннннннннннннннннннннннннннннннннннннннннннннннннннннннннннннннннннннннннннннннннннннннннннннннннннннннннннннннннннннннннннннннннннннннннннннннннннннннннннннннннннннннннннннннннннннннннннннннннннннннннннннннннннннннннннннннннннннннннннннннннннннннннннннннннннннннннннннннннннннннннннннннннннннннннннннннннннннннннннннннннннннннннннн
    нннннннннннннннннннннннннннннннннннннннннннннннннннннннннннннннннннннннннннннннннннннннннннннннннннннннннннннннннннннннннннннннннннннннннннннннннннннннннннннннннннннннннннннннннннннннннннннннннннннннннннннннннннннннннннннннннннннннннннннннннннннннннннннннннннннннннннннннннннннннннннннннннннннннннннннннннннннннннннннннннннннннннннннннннннннннннннннннннннннннннннннннннннннннннннннннннннннннннннннннннннннннннннннннннннннннннннннннннннннннннннннннннннннннннннннннннннннннннннннннннннннннннннннннннннннннн
    нннннннннннннннннннннннннннннннннннннннннннннннннннннннннннннннннннннннннннннннннннннннннннннннннннннннннннннннннннннннннннннннннннннннннннннннннннннннннннннннннннннннннннннннннннннннннннннннннннннннннннннннннннннннннннннннннннннннннннннннннннннннннннннннннннннннннннннннннннннннннннннннннннннннннннннннннннннннннннннннннннннннннннннннннннннннннннннннннннннннннннннннннннннннннннннннннннннннннннннннннннннннннннннннннннннннннннннннннннннннннннннннннннннннннннннннннннннннннннннннннннннннннннннннннннннннн
    нннннннннннннннннннннннннннннннннннннннннннннннннннннннннннннннннннннннннннннннннннннннннннннннннннннннннннннннннннннннннннннннннннннннннннннннннннннннннннннннннннннннннннннннннннннннннннннннннннннннннннннннннннннннннннннннннннннннннннннннннннннннннннннннннннннннннннннннннннннннннннннннннннннннннннннннннннннннннннннннннннннннннннннннннннннннннннннннннннннннннннннннннннннннннннннннннннннннннннннннннннннннннннннннннннннннннннннннннннннннннннннннннннннннннннннннннннннннннннннннннннннннннннннннннннннннн
    нннннннннннннннннннннннннннннннннннннннннннннннннннннннннннннннннннннннннннннннннннннннннннннннннннннннннннннннннннннннннннннннннннннннннннннннннннннннннннннннннннннннннннннннннннннннннннннннннннннннннннннннннннннннннннннннннннннннннннннннннннннннннннннннннннннннннннннннннннннннннннннннннннннннннннннннннннннннннннннннннннннннннннннннннннннннннннннннннннннннннннннннннннннннннннннннннннннннннннннннннннннннннннннннннннннннннннннннннннннннннннннннннннннннннннннннннннннннннннннннннннннннннннннннннннннннн
    нннннннннннннннннннннннннннннннннннннннннннннннннннннннннннннннннннннннннннннннннннннннннннннннннннннннннннннннннннннннннннннннннннннннннннннннннннннннннннннннннннннннннннннннннннннннннннннннннннннннннннннннннннннннннннннннннннннннннннннннннннннннннннннннннннннннннннннннннннннннннннннннннннннннннннннннннннннннннннннннннннннннннннннннннннннннннннннннннннннннннннннннннннннннннннннннннннннннннннннннннннннннннннннннннннннннннннннннннннннннннннннннннннннннннннннннннннннннннннннннннннннннннннннннннннннннн
    нннннннннннннннннннннннннннннннннннннннннннннннннннннннннннннннннннннннннннннннннннннннннннннннннннннннннннннннннннннннннннннннннннннннннннннннннннннннннннннннннннннннннннннннннннннннннннннннннннннннннннннннннннннннннннннннннннннннннннннннннннннннннннннннннннннннннннннннннннннннннннннннннннннннннннннннннннннннннннннннннннннннннннннннннннннннннннннннннннннннннннннннннннннннннннннннннннннннннннннннннннннннннннннннннннннннннннннннннннннннннннннннннннннннннннннннннннннннннннннннннннннннннннннннннннннннн
    нннннннннннннннннннннннннннннннннннннннннннннннннннннннннннннннннннннннннннннннннннннннннннннннннннннннннннннннннннннннннннннннннннннннннннннннннннннннннннннннннннннннннннннннннннннннннннннннннннннннннннннннннннннннннннннннннннннннннннннннннннннннннннннннннннннннннннннннннннннннннннннннннннннннннннннннннннннннннннннннннннннннннннннннннннннннннннннннннннннннннннннннннннннннннннннннннннннннннннннннннннннннннннннннннннннннннннннннннннннннннннннннннннннннннннннннннннннннннннннннннннннннннннннннннннннннн
    нннннннннннннннннннннннннннннннннннннннннннннннннннннннннннннннннннннннннннннннннннннннннннннннннннннннннннннннннннннннннннннннннннннннннннннннннннннннннннннннннннннннннннннннннннннннннннннннннннннннннннннннннннннннннннннннннннннннннннннннннннннннннннннннннннннннннннннннннннннннннннннннннннннннннннннннннннннннннннннннннннннннннннннннннннннннннннннннннннннннннннннннннннннннннннннннннннннннннннннннннннннннннннннннннннннннннннннннннннннннннннннннннннннннннннннннннннннннннннннннннннннннннннннннннннннннн
    нннннннннннннннннннннннннннннннннннннннннннннннннннннннннннннннннннннннннннннннннннннннннннннннннннннннннннннннннннннннннннннннннннннннннннннннннннннннннннннннннннннннннннннннннннннннннннннннннннннннннннннннннннннннннннннннннннннннннннннннннннннннннннннннннннннннннннннннннннннннннннннннннннннннннннннннннннннннннннннннннннннннннннннннннннннннннннннннннннннннннннннннннннннннннннннннннннннннннннннннннннннннннннннннннннннннннннннннннннннннннннннннннннннннннннннннннннннннннннннннннннннннннннннннннннннннн
    нннннннннннннннннннннннннннннннннннннннннннннннннннннннннннннннннннннннннннннннннннннннннннннннннннннннннннннннннннннннннннннннннннннннннннннннннннннннннннннннннннннннннннннннннннннннннннннннннннннннннннннннннннннннннннннннннннннннннннннннннннннннннннннннннннннннннннннннннннннннннннннннннннннннннннннннннннннннннннннннннннннннннннннннннннннннннннннннннннннннннннннннннннннннннннннннннннннннннннннннннннннннннннннннннннннннннннннннннннннннннннннннннннннннннннннннннннннннннннннннннннннннннннннннннннннннн
    нннннннннннннннннннннннннннннннннннннннннннннннннннннннннннннннннннннннннннннннннннннннннннннннннннннннннннннннннннннннннннннннннннннннннннннннннннннннннннннннннннннннннннннннннннннннннннннннннннннннннннннннннннннннннннннннннннннннннннннннннннннннннннннннннннннннннннннннннннннннннннннннннннннннннннннннннннннннннннннннннннннннннннннннннннннннннннннннннннннннннннннннннннннннннннннннннннннннннннннннннннннннннннннннннннннннннннннннннннннннннннннннннннннннннннннннннннннннннннннннннннннннннннннннннннннннн
    нннннннннннннннннннннннннннннннннннннннннннннннннннннннннннннннннннннннннннннннннннннннннннннннннннннннннннннннннннннннннннннннннннннннннннннннннннннннннннннннннннннннннннннннннннннннннннннннннннннннннннннннннннннннннннннннннннннннннннннннннннннннннннннннннннннннннннннннннннннннннннннннннннннннннннннннннннннннннннннннннннннннннннннннннннннннннннннннннннннннннннннннннннннннннннннннннннннннннннннннннннннннннннннннннннннннннннннннннннннннннннннннннннннннннннннннннннннннннннннннннннннннннннннннннннннннн
    нннннннннннннннннннннннннннннннннннннннннннннннннннннннннннннннннннннннннннннннннннннннннннннннннннннннннннннннннннннннннннннннннннннннннннннннннннннннннннннннннннннннннннннннннннннннннннннннннннннннннннннннннннннннннннннннннннннннннннннннннннннннннннннннннннннннннннннннннннннннннннннннннннннннннннннннннннннннннннннннннннннннннннннннннннннннннннннннннннннннннннннннннннннннннннннннннннннннннннннннннннннннннннннннннннннннннннннннннннннннннннннннннннннннннннннннннннннннннннннннннннннннннннннннннннннннн
    нннннннннннннннннннннннннннннннннннннннннннннннннннннннннннннннннннннннннннннннннннннннннннннннннннннннннннннннннннннннннннннннннннннннннннннннннннннннннннннннннннннннннннннннннннннннннннннннннннннннннннннннннннннннннннннннннннннннннннннннннннннннннннннннннннннннннннннннннннннннннннннннннннннннннннннннннннннннннннннннннннннннннннннннннннннннннннннннннннннннннннннннннннннннннннннннннннннннннннннннннннннннннннннннннннннннннннннннннннннннннннннннннннннннннннннннннннннннннннннннннннннннннннннннннннннннн
    нннннннннннннннннннннннннннннннннннннннннннннннннннннннннннннннннннннннннннннннннннннннннннннннннннннннннннннннннннннннннннннннннннннннннннннннннннннннннннннннннннннннннннннннннннннннннннннннннннннннннннннннннннннннннннннннннннннннннннннннннннннннннннннннннннннннннннннннннннннннннннннннннннннннннннннннннннннннннннннннннннннннннннннннннннннннннннннннннннннннннннннннннннннннннннннннннннннннннннннннннннннннннннннннннннннннннннннннннннннннннннннннннннннннннннннннннннннннннннннннннннннннннннннннннннннннн
  CMD: WM_ACTIVATE (W)
  CMD: WM_ACTIVATE (W)
  CMD: WM_CLOSE (W)
  CMD: WM_DESTROY (W)
  CMD: WM_DESTROY (D)
  CMD: WM_CLOSE (W)
  CMD: WM_DESTROY (W)
  CMD: WM_DESTROY (D)
  CMD: WM_CLOSE (W)
  CMD: WM_ACTIVATE (W)
  CMD: WM_INITMENU (W)
  CMD: COMMAND_SAVE_FILE
    Save File (1) - Window: 40372 - SaveAs: 0 - Sel: 0 - fileno: 0 - sizeptr: 0
    Save File (2) - name: C:\Users\daniel\Desktop\e\caa nvm good designs coo\BRUH\Images.java - fileno: 0 - sizeptr: 0
  CMD: WM_CLOSE (W)
  CMD: WM_ACTIVATE (W)
  CMD: WM_ACTIVATE (W)
  CMD: WM_DESTROY (W)
  CMD: WM_DESTROY (D)
  CMD: WM_CLOSE (W)
  CMD: WM_ACTIVATE (W)
  CMD: WM_ACTIVATE (W)
  CMD: WM_ACTIVATE (W)
  CMD: WM_DESTROY (W)
  CMD: WM_DESTROY (D)


Registers
  EAX=00000001  EBX=7EFDE000  ECX=00000010  EDX=0000000F  ESI=0018E6A8
  EDI=0018FEF8  EBP=0018E658  ESP=0018E648  EIP=00525E7F  FLG=00200246
  CS=0023  DS=002B  SS=002B  ES=002B  FS=0053  GS=002B

List of Modules: 
    C:\Program Files (x86)\Ready to Program\Ready.exe
    C:\Windows\SysWOW64\ntdll.dll
    C:\Windows\syswow64\kernel32.dll
    C:\Windows\syswow64\KERNELBASE.dll
    C:\Windows\syswow64\USER32.dll
    C:\Windows\syswow64\GDI32.dll
    C:\Windows\syswow64\LPK.dll
    C:\Windows\syswow64\USP10.dll
    C:\Windows\syswow64\msvcrt.dll
    C:\Windows\syswow64\ADVAPI32.dll
    C:\Windows\SysWOW64\sechost.dll
    C: